SF:lib/domain/entities/app_error.dart
DA:6,4
DA:8,0
DA:9,0
LF:3
LH:1
end_of_record
SF:lib/domain/entities/genre_entity.dart
DA:9,1
DA:15,1
DA:16,3
DA:18,1
DA:21,0
DA:22,0
DA:23,0
DA:24,0
DA:25,0
LF:9
LH:4
end_of_record
SF:lib/domain/entities/query_params.dart
DA:9,8
DA:15,4
DA:16,4
LF:3
LH:3
end_of_record
SF:lib/domain/usecases/get_genre_usecase.dart
DA:11,0
DA:13,0
DA:15,0
DA:16,0
DA:17,0
DA:18,0
LF:6
LH:0
end_of_record
SF:lib/presentation/cubits/genre/genre_cubit.dart
DA:15,1
DA:17,1
DA:19,1
DA:25,3
DA:26,2
DA:27,3
DA:29,1
DA:31,3
LF:8
LH:8
end_of_record
SF:lib/presentation/cubits/genre/genre_state.dart
DA:8,3
DA:14,1
DA:19,1
DA:20,1
DA:21,1
DA:22,0
DA:26,1
DA:27,2
LF:8
LH:7
end_of_record
SF:lib/domain/entities/album_entity.dart
DA:11,1
DA:19,1
DA:20,3
DA:22,1
DA:25,0
DA:26,0
DA:27,0
DA:28,0
DA:29,0
DA:30,0
DA:31,0
LF:11
LH:4
end_of_record
SF:lib/domain/entities/artist_entity.dart
DA:10,1
DA:17,1
DA:18,3
DA:20,1
DA:23,0
DA:24,0
DA:25,0
DA:26,0
DA:27,0
DA:28,0
LF:10
LH:4
end_of_record
SF:lib/domain/entities/artwork_entity.dart
DA:11,0
DA:18,0
DA:19,0
DA:21,0
DA:24,0
DA:25,0
DA:26,0
DA:27,0
DA:28,0
DA:29,0
LF:10
LH:0
end_of_record
SF:lib/domain/entities/audio_entity.dart
DA:15,1
DA:27,1
DA:28,3
DA:30,1
DA:33,0
DA:34,0
DA:35,0
DA:36,0
DA:37,0
DA:38,0
DA:39,0
DA:40,0
DA:41,0
DA:42,0
DA:43,0
LF:15
LH:4
end_of_record
SF:lib/domain/entities/playlist_entity.dart
DA:12,0
DA:21,0
DA:22,0
DA:24,0
DA:27,0
DA:28,0
DA:29,0
DA:30,0
DA:31,0
DA:32,0
DA:33,0
DA:34,0
LF:12
LH:0
end_of_record
SF:lib/domain/usecases/get_audio_usecase.dart
DA:12,0
DA:14,0
DA:16,0
DA:17,0
DA:18,0
DA:19,0
LF:6
LH:0
end_of_record
SF:lib/presentation/cubits/audio/audio_state.dart
DA:8,6
DA:14,1
DA:19,1
DA:20,1
DA:21,1
DA:22,0
DA:26,1
DA:27,2
LF:8
LH:7
end_of_record
SF:lib/presentation/cubits/audio/audio_cubit.dart
DA:15,1
DA:17,1
DA:19,1
DA:25,3
DA:26,2
DA:27,3
DA:29,1
DA:31,3
LF:8
LH:8
end_of_record
SF:lib/domain/usecases/get_album_usecase.dart
DA:11,0
DA:13,0
DA:15,0
DA:16,0
DA:17,0
DA:18,0
LF:6
LH:0
end_of_record
SF:lib/presentation/cubits/album/album_state.dart
DA:8,3
DA:14,1
DA:19,1
DA:20,1
DA:21,1
DA:22,0
DA:26,1
DA:27,2
LF:8
LH:7
end_of_record
SF:lib/presentation/cubits/album/album_cubit.dart
DA:15,1
DA:17,1
DA:19,1
DA:25,3
DA:26,2
DA:27,3
DA:29,1
DA:31,3
LF:8
LH:8
end_of_record
SF:lib/domain/usecases/get_artist_usecase.dart
DA:11,0
DA:13,0
DA:15,0
DA:16,0
DA:17,0
DA:18,0
LF:6
LH:0
end_of_record
SF:lib/presentation/cubits/artist/artist_cubit.dart
DA:15,1
DA:17,1
DA:19,1
DA:25,3
DA:26,2
DA:27,3
DA:29,1
DA:31,3
LF:8
LH:8
end_of_record
SF:lib/presentation/cubits/artist/artist_state.dart
DA:8,3
DA:14,1
DA:19,1
DA:20,1
DA:21,1
DA:22,0
DA:26,1
DA:27,2
LF:8
LH:7
end_of_record
